<?xml version="1.0" encoding="UTF-8"?>
<testsuite name="org.gnucash.android.test.unit.model.BudgetTest" tests="6" skipped="0" failures="0" errors="0" timestamp="2019-03-29T03:48:48" hostname="jlpulgarin-PC" time="0.047">
  <properties/>
  <testcase name="addingBudgetAmount_shouldSetBudgetUID" classname="org.gnucash.android.test.unit.model.BudgetTest" time="0.031"/>
  <testcase name="shouldNotCompactBudgetAmountsWithDifferentAmounts" classname="org.gnucash.android.test.unit.model.BudgetTest" time="0.0"/>
  <testcase name="addingSameAmounts_shouldCompactOnRetrieval" classname="org.gnucash.android.test.unit.model.BudgetTest" time="0.016"/>
  <testcase name="testGetNumberOfAccounts" classname="org.gnucash.android.test.unit.model.BudgetTest" time="0.0"/>
  <testcase name="shouldComputeAbsoluteAmountSum" classname="org.gnucash.android.test.unit.model.BudgetTest" time="0.0"/>
  <testcase name="addingNegativePeriodNum_shouldExpandOnRetrieval" classname="org.gnucash.android.test.unit.model.BudgetTest" time="0.0"/>
  <system-out><![CDATA[]]></system-out>
  <system-err><![CDATA[]]></system-err>
</testsuite>
