<?xml version="1.0" encoding="UTF-8"?>
<testsuite name="org.gnucash.android.test.unit.model.TransactionTest" tests="4" skipped="0" failures="0" errors="0" timestamp="2019-03-29T03:49:19" hostname="jlpulgarin-PC" time="7.047">
  <properties/>
  <testcase name="settingUID_shouldSetTransactionUidOfSplits" classname="org.gnucash.android.test.unit.model.TransactionTest" time="1.735"/>
  <testcase name="testCloningTransaction" classname="org.gnucash.android.test.unit.model.TransactionTest" time="1.625"/>
  <testcase name="addingSplitsShouldSetTransactionUID" classname="org.gnucash.android.test.unit.model.TransactionTest" time="1.75"/>
  <testcase name="testCreateAutoBalanceSplit" classname="org.gnucash.android.test.unit.model.TransactionTest" time="1.937"/>
  <system-out><![CDATA[]]></system-out>
  <system-err><![CDATA[]]></system-err>
</testsuite>
