<?xml version="1.0" encoding="UTF-8"?>
<testsuite name="org.gnucash.android.test.unit.util.PreferencesHelperTest" tests="2" skipped="0" failures="0" errors="0" timestamp="2019-03-29T03:50:01" hostname="jlpulgarin-PC" time="3.797">
  <properties/>
  <testcase name="shouldGetLastExportTimeDefaultValue" classname="org.gnucash.android.test.unit.util.PreferencesHelperTest" time="1.954"/>
  <testcase name="shouldGetLastExportTimeCurrentValue" classname="org.gnucash.android.test.unit.util.PreferencesHelperTest" time="1.843"/>
  <system-out><![CDATA[]]></system-out>
  <system-err><![CDATA[]]></system-err>
</testsuite>
