<?xml version="1.0" encoding="UTF-8"?>
<testsuite name="org.gnucash.android.test.unit.db.PriceDbAdapterTest" tests="1" skipped="0" failures="0" errors="0" timestamp="2019-03-29T02:31:15" hostname="jlpulgarin-PC" time="3.562">
  <properties/>
  <testcase name="shouldOnlySaveOnePricePerCommodityPair" classname="org.gnucash.android.test.unit.db.PriceDbAdapterTest" time="3.562"/>
  <system-out><![CDATA[]]></system-out>
  <system-err><![CDATA[]]></system-err>
</testsuite>
