<?xml version="1.0" encoding="UTF-8"?>
<testsuite name="org.gnucash.android.test.unit.util.PreferencesHelperTest" tests="2" skipped="0" failures="0" errors="0" timestamp="2019-03-29T02:34:50" hostname="jlpulgarin-PC" time="4.844">
  <properties/>
  <testcase name="shouldGetLastExportTimeDefaultValue" classname="org.gnucash.android.test.unit.util.PreferencesHelperTest" time="2.438"/>
  <testcase name="shouldGetLastExportTimeCurrentValue" classname="org.gnucash.android.test.unit.util.PreferencesHelperTest" time="2.406"/>
  <system-out><![CDATA[]]></system-out>
  <system-err><![CDATA[]]></system-err>
</testsuite>
