<?xml version="1.0" encoding="UTF-8"?>
<testsuite name="org.gnucash.android.test.unit.model.SplitTest" tests="6" skipped="0" failures="0" errors="0" timestamp="2019-03-29T02:33:40" hostname="jlpulgarin-PC" time="14.883">
  <properties/>
  <testcase name="shouldCreateInversePair" classname="org.gnucash.android.test.unit.model.SplitTest" time="2.61"/>
  <testcase name="shouldParseCsv" classname="org.gnucash.android.test.unit.model.SplitTest" time="2.359"/>
  <testcase name="testCloning" classname="org.gnucash.android.test.unit.model.SplitTest" time="2.141"/>
  <testcase name="amounts_shouldBeStoredUnsigned" classname="org.gnucash.android.test.unit.model.SplitTest" time="2.601"/>
  <testcase name="testAddingSplitToTransaction" classname="org.gnucash.android.test.unit.model.SplitTest" time="2.813"/>
  <testcase name="shouldGenerateValidCsv" classname="org.gnucash.android.test.unit.model.SplitTest" time="2.359"/>
  <system-out><![CDATA[]]></system-out>
  <system-err><![CDATA[]]></system-err>
</testsuite>
