<?xml version="1.0" encoding="UTF-8"?>
<testsuite name="org.gnucash.android.test.unit.db.ScheduledActionDbAdapterTest" tests="3" skipped="0" failures="0" errors="0" timestamp="2019-03-29T02:31:18" hostname="jlpulgarin-PC" time="6.641">
  <properties/>
  <testcase name="testGenerateRepeatString" classname="org.gnucash.android.test.unit.db.ScheduledActionDbAdapterTest" time="2.094"/>
  <testcase name="everyScheduledActionShouldHaveRecurrence" classname="org.gnucash.android.test.unit.db.ScheduledActionDbAdapterTest" time="2.109"/>
  <testcase name="testAddGetRecord" classname="org.gnucash.android.test.unit.db.ScheduledActionDbAdapterTest" time="2.438"/>
  <system-out><![CDATA[]]></system-out>
  <system-err><![CDATA[]]></system-err>
</testsuite>
