<?xml version="1.0" encoding="UTF-8"?>
<testsuite name="org.gnucash.android.test.unit.model.PriceTest" tests="5" skipped="0" failures="0" errors="0" timestamp="2019-03-29T02:33:40" hostname="jlpulgarin-PC" time="0.0">
  <properties/>
  <testcase name="getNumerator_shouldReduceAutomatically" classname="org.gnucash.android.test.unit.model.PriceTest" time="0.0"/>
  <testcase name="getDenominator_shouldReduceAutomatically" classname="org.gnucash.android.test.unit.model.PriceTest" time="0.0"/>
  <testcase name="toString_shouldNotFailForInfinitelyLongDecimalExpansion" classname="org.gnucash.android.test.unit.model.PriceTest" time="0.0"/>
  <testcase name="creatingFromExchangeRate_ShouldGetPrecisionRight" classname="org.gnucash.android.test.unit.model.PriceTest" time="0.0"/>
  <testcase name="toString_shouldUseDefaultLocale" classname="org.gnucash.android.test.unit.model.PriceTest" time="0.0"/>
  <system-out><![CDATA[]]></system-out>
  <system-err><![CDATA[]]></system-err>
</testsuite>
