<?xml version="1.0" encoding="UTF-8"?>
<testsuite name="org.gnucash.android.test.unit.db.MigrationHelperTest" tests="1" skipped="0" failures="0" errors="0" timestamp="2019-03-29T03:15:19" hostname="jlpulgarin-PC" time="1.98">
  <properties/>
  <testcase name="shouldSubtractTimeZoneOffset" classname="org.gnucash.android.test.unit.db.MigrationHelperTest" time="1.98"/>
  <system-out><![CDATA[]]></system-out>
  <system-err><![CDATA[]]></system-err>
</testsuite>
