<?xml version="1.0" encoding="UTF-8"?>
<testsuite name="org.gnucash.android.test.unit.model.TransactionTest" tests="4" skipped="0" failures="0" errors="0" timestamp="2019-03-29T03:17:50" hostname="jlpulgarin-PC" time="10.125">
  <properties/>
  <testcase name="settingUID_shouldSetTransactionUidOfSplits" classname="org.gnucash.android.test.unit.model.TransactionTest" time="1.89"/>
  <testcase name="testCloningTransaction" classname="org.gnucash.android.test.unit.model.TransactionTest" time="3.063"/>
  <testcase name="addingSplitsShouldSetTransactionUID" classname="org.gnucash.android.test.unit.model.TransactionTest" time="2.359"/>
  <testcase name="testCreateAutoBalanceSplit" classname="org.gnucash.android.test.unit.model.TransactionTest" time="2.813"/>
  <system-out><![CDATA[]]></system-out>
  <system-err><![CDATA[]]></system-err>
</testsuite>
