<?xml version="1.0" encoding="UTF-8"?>
<testsuite name="org.gnucash.android.test.unit.importer.GncXmlHandlerTest" tests="6" skipped="0" failures="0" errors="0" timestamp="2019-03-29T03:16:32" hostname="jlpulgarin-PC" time="23.86">
  <properties/>
  <testcase name="multiCurrencyTransactionImport" classname="org.gnucash.android.test.unit.importer.GncXmlHandlerTest" time="3.672"/>
  <testcase name="transactionWithNonDefaultSplitsImport" classname="org.gnucash.android.test.unit.importer.GncXmlHandlerTest" time="3.734"/>
  <testcase name="importingScheduledAction_shouldSetByDays" classname="org.gnucash.android.test.unit.importer.GncXmlHandlerTest" time="4.203"/>
  <testcase name="simpleTransactionImport" classname="org.gnucash.android.test.unit.importer.GncXmlHandlerTest" time="4.266"/>
  <testcase name="accountsImport" classname="org.gnucash.android.test.unit.importer.GncXmlHandlerTest" time="3.438"/>
  <testcase name="bug562_scheduledTransactionImportedWithImbalancedSplits" classname="org.gnucash.android.test.unit.importer.GncXmlHandlerTest" time="4.547"/>
  <system-out><![CDATA[]]></system-out>
  <system-err><![CDATA[]]></system-err>
</testsuite>
