<?xml version="1.0" encoding="UTF-8"?>
<testsuite name="org.gnucash.android.test.unit.util.TimestampHelperTest" tests="4" skipped="0" failures="0" errors="0" timestamp="2019-03-29T02:44:39" hostname="jlpulgarin-PC" time="9.303">
  <properties/>
  <testcase name="shouldGetUtcStringFromTimestamp" classname="org.gnucash.android.test.unit.util.TimestampHelperTest" time="2.492"/>
  <testcase name="shouldGetTimestampFromNow" classname="org.gnucash.android.test.unit.util.TimestampHelperTest" time="2.229"/>
  <testcase name="shouldGetTimestampFromEpochZero" classname="org.gnucash.android.test.unit.util.TimestampHelperTest" time="2.457"/>
  <testcase name="shouldGetTimestampFromUtcString" classname="org.gnucash.android.test.unit.util.TimestampHelperTest" time="2.125"/>
  <system-out><![CDATA[]]></system-out>
  <system-err><![CDATA[]]></system-err>
</testsuite>
