<?xml version="1.0" encoding="UTF-8"?>
<testsuite name="org.gnucash.android.util.BackupManagerTest" tests="3" skipped="0" failures="0" errors="0" timestamp="2019-03-29T02:44:48" hostname="jlpulgarin-PC" time="19.578">
  <properties/>
  <testcase name="getBackupList" classname="org.gnucash.android.util.BackupManagerTest" time="7.639"/>
  <testcase name="whenNoBackupsHaveBeenDone_shouldReturnEmptyBackupList" classname="org.gnucash.android.util.BackupManagerTest" time="4.916"/>
  <testcase name="backupAllBooks" classname="org.gnucash.android.util.BackupManagerTest" time="7.022"/>
  <system-out><![CDATA[]]></system-out>
  <system-err><![CDATA[]]></system-err>
</testsuite>
