<?xml version="1.0" encoding="UTF-8"?>
<testsuite name="org.gnucash.android.test.unit.export.BackupTest" tests="1" skipped="0" failures="0" errors="0" timestamp="2019-03-29T02:40:12" hostname="jlpulgarin-PC" time="4.938">
  <properties/>
  <testcase name="shouldCreateBackupFileName" classname="org.gnucash.android.test.unit.export.BackupTest" time="4.938"/>
  <system-out><![CDATA[]]></system-out>
  <system-err><![CDATA[]]></system-err>
</testsuite>
