<?xml version="1.0" encoding="UTF-8"?>
<testsuite name="org.gnucash.android.test.unit.db.BudgetsDbAdapterTest" tests="6" skipped="0" failures="0" errors="0" timestamp="2019-03-29T02:38:54" hostname="jlpulgarin-PC" time="25.645">
  <properties/>
  <testcase name="testBulkAddBudgets" classname="org.gnucash.android.test.unit.db.BudgetsDbAdapterTest" time="4.75"/>
  <testcase name="testGetAccountBudgets" classname="org.gnucash.android.test.unit.db.BudgetsDbAdapterTest" time="5.207"/>
  <testcase name="savingBudget_shouldRequireRecurrence" classname="org.gnucash.android.test.unit.db.BudgetsDbAdapterTest" time="3.594"/>
  <testcase name="savingBudget_shouldRequireExistingAccount" classname="org.gnucash.android.test.unit.db.BudgetsDbAdapterTest" time="3.078"/>
  <testcase name="testAddingBudget" classname="org.gnucash.android.test.unit.db.BudgetsDbAdapterTest" time="6.516"/>
  <testcase name="savingBudget_shouldRequireBudgetAmount" classname="org.gnucash.android.test.unit.db.BudgetsDbAdapterTest" time="2.5"/>
  <system-out><![CDATA[]]></system-out>
  <system-err><![CDATA[]]></system-err>
</testsuite>
