<?xml version="1.0" encoding="UTF-8"?>
<testsuite name="org.gnucash.android.test.unit.db.BudgetsDbAdapterTest" tests="6" skipped="0" failures="0" errors="0" timestamp="2019-03-29T03:40:00" hostname="jlpulgarin-PC" time="16.59">
  <properties/>
  <testcase name="testBulkAddBudgets" classname="org.gnucash.android.test.unit.db.BudgetsDbAdapterTest" time="3.033"/>
  <testcase name="testGetAccountBudgets" classname="org.gnucash.android.test.unit.db.BudgetsDbAdapterTest" time="3.397"/>
  <testcase name="savingBudget_shouldRequireRecurrence" classname="org.gnucash.android.test.unit.db.BudgetsDbAdapterTest" time="2.227"/>
  <testcase name="savingBudget_shouldRequireExistingAccount" classname="org.gnucash.android.test.unit.db.BudgetsDbAdapterTest" time="2.375"/>
  <testcase name="testAddingBudget" classname="org.gnucash.android.test.unit.db.BudgetsDbAdapterTest" time="3.167"/>
  <testcase name="savingBudget_shouldRequireBudgetAmount" classname="org.gnucash.android.test.unit.db.BudgetsDbAdapterTest" time="2.391"/>
  <system-out><![CDATA[]]></system-out>
  <system-err><![CDATA[]]></system-err>
</testsuite>
