<?xml version="1.0" encoding="UTF-8"?>
<testsuite name="org.gnucash.android.test.unit.db.ScheduledActionDbAdapterTest" tests="3" skipped="0" failures="0" errors="0" timestamp="2019-03-29T04:10:36" hostname="jlpulgarin-PC" time="5.875">
  <properties/>
  <testcase name="testGenerateRepeatString" classname="org.gnucash.android.test.unit.db.ScheduledActionDbAdapterTest" time="1.75"/>
  <testcase name="everyScheduledActionShouldHaveRecurrence" classname="org.gnucash.android.test.unit.db.ScheduledActionDbAdapterTest" time="1.844"/>
  <testcase name="testAddGetRecord" classname="org.gnucash.android.test.unit.db.ScheduledActionDbAdapterTest" time="2.281"/>
  <system-out><![CDATA[]]></system-out>
  <system-err><![CDATA[]]></system-err>
</testsuite>
