<?xml version="1.0" encoding="UTF-8"?>
<testsuite name="org.gnucash.android.test.unit.db.AccountsDbAdapterTest" tests="18" skipped="0" failures="0" errors="0" timestamp="2019-03-29T04:08:26" hostname="jlpulgarin-PC" time="81.343">
  <properties/>
  <testcase name="shouldClearAllTablesWhenDeletingAllAccounts" classname="org.gnucash.android.test.unit.db.AccountsDbAdapterTest" time="17.01"/>
  <testcase name="shouldGetDescendantAccounts" classname="org.gnucash.android.test.unit.db.AccountsDbAdapterTest" time="5.89"/>
  <testcase name="shouldRecursivelyDeleteAccount" classname="org.gnucash.android.test.unit.db.AccountsDbAdapterTest" time="3.688"/>
  <testcase name="simpleAccountListShouldNotContainTransactions" classname="org.gnucash.android.test.unit.db.AccountsDbAdapterTest" time="3.0"/>
  <testcase name="shouldUpdateFullNameAfterParentChange" classname="org.gnucash.android.test.unit.db.AccountsDbAdapterTest" time="3.156"/>
  <testcase name="editingAccountShouldNotDeleteTemplateSplits" classname="org.gnucash.android.test.unit.db.AccountsDbAdapterTest" time="4.016"/>
  <testcase name="shouldCreateAccountHierarchy" classname="org.gnucash.android.test.unit.db.AccountsDbAdapterTest" time="2.328"/>
  <testcase name="shouldAddTransactionsAndSplitsWhenAddingAccounts" classname="org.gnucash.android.test.unit.db.AccountsDbAdapterTest" time="3.328"/>
  <testcase name="shouldComputeAccountBalanceCorrectly" classname="org.gnucash.android.test.unit.db.AccountsDbAdapterTest" time="5.625"/>
  <testcase name="importingXml_shouldSetDefaultCurrencyFromXml" classname="org.gnucash.android.test.unit.db.AccountsDbAdapterTest" time="4.594"/>
  <testcase name="shouldAddAccountsToDatabase" classname="org.gnucash.android.test.unit.db.AccountsDbAdapterTest" time="4.016"/>
  <testcase name="shouldCreateImbalanceAccountOnDemand" classname="org.gnucash.android.test.unit.db.AccountsDbAdapterTest" time="3.089"/>
  <testcase name="shouldDeleteSplitsWhenAccountDeleted" classname="org.gnucash.android.test.unit.db.AccountsDbAdapterTest" time="3.29"/>
  <testcase name="shouldSetDefaultTransferColumnToNull_WhenTheAccountIsDeleted" classname="org.gnucash.android.test.unit.db.AccountsDbAdapterTest" time="4.985"/>
  <testcase name="bulkAddAccountsShouldNotModifyTransactions" classname="org.gnucash.android.test.unit.db.AccountsDbAdapterTest" time="3.39"/>
  <testcase name="shouldReassignDescendantAccounts" classname="org.gnucash.android.test.unit.db.AccountsDbAdapterTest" time="4.235"/>
  <testcase name="shouldCreateDefaultRootAccount" classname="org.gnucash.android.test.unit.db.AccountsDbAdapterTest" time="2.875"/>
  <testcase name="shouldBeAlphabeticallySortedByDefault" classname="org.gnucash.android.test.unit.db.AccountsDbAdapterTest" time="2.828"/>
  <system-out><![CDATA[Default currency is now: US Dollar
]]></system-out>
  <system-err><![CDATA[]]></system-err>
</testsuite>
