<?xml version="1.0" encoding="UTF-8"?>
<testsuite name="org.gnucash.android.test.unit.db.SplitsDbAdapterTest" tests="4" skipped="0" failures="0" errors="0" timestamp="2019-03-29T04:10:42" hostname="jlpulgarin-PC" time="11.875">
  <properties/>
  <testcase name="addingSplitShouldUnsetExportedFlagOfTransaction" classname="org.gnucash.android.test.unit.db.SplitsDbAdapterTest" time="3.281"/>
  <testcase name="testAddSplit" classname="org.gnucash.android.test.unit.db.SplitsDbAdapterTest" time="3.532"/>
  <testcase name="shouldHaveTransactionInDatabase" classname="org.gnucash.android.test.unit.db.SplitsDbAdapterTest" time="2.562"/>
  <testcase name="shouldHaveAccountInDatabase" classname="org.gnucash.android.test.unit.db.SplitsDbAdapterTest" time="2.5"/>
  <system-out><![CDATA[]]></system-out>
  <system-err><![CDATA[]]></system-err>
</testsuite>
