<?xml version="1.0" encoding="UTF-8"?>
<testsuite name="org.gnucash.android.test.unit.model.AccountTest" tests="8" skipped="0" failures="0" errors="0" timestamp="2019-03-29T04:11:48" hostname="jlpulgarin-PC" time="15.375">
  <properties/>
  <testcase name="testAccountAlwaysHasUID" classname="org.gnucash.android.test.unit.model.AccountTest" time="1.625"/>
  <testcase name="settingNameShouldNotChangeFullName" classname="org.gnucash.android.test.unit.model.AccountTest" time="1.625"/>
  <testcase name="testTransactionsHaveSameCurrencyAsAccount" classname="org.gnucash.android.test.unit.model.AccountTest" time="1.89"/>
  <testcase name="testSetColorWithAlphaComponent" classname="org.gnucash.android.test.unit.model.AccountTest" time="2.141"/>
  <testcase name="testAccountUsesDefaultCurrency" classname="org.gnucash.android.test.unit.model.AccountTest" time="2.609"/>
  <testcase name="shouldSetFullNameWhenCreated" classname="org.gnucash.android.test.unit.model.AccountTest" time="1.969"/>
  <testcase name="newInstance_shouldReturnNonNullValues" classname="org.gnucash.android.test.unit.model.AccountTest" time="1.813"/>
  <testcase name="testSetInvalidColorCode" classname="org.gnucash.android.test.unit.model.AccountTest" time="1.703"/>
  <system-out><![CDATA[]]></system-out>
  <system-err><![CDATA[]]></system-err>
</testsuite>
