<?xml version="1.0" encoding="UTF-8"?>
<testsuite name="org.gnucash.android.test.unit.service.ScheduledActionServiceTest" tests="10" skipped="0" failures="0" errors="0" timestamp="2019-03-29T04:12:51" hostname="jlpulgarin-PC" time="32.083">
  <properties/>
  <testcase name="scheduledTransactionsWithEndTimeInPast_shouldBeExecuted" classname="org.gnucash.android.test.unit.service.ScheduledActionServiceTest" time="3.525"/>
  <testcase name="scheduledBackups_shouldNotRunBeforeNextScheduledExecution" classname="org.gnucash.android.test.unit.service.ScheduledActionServiceTest" time="3.309"/>
  <testcase name="recurringTransactions_shouldHaveScheduledActionUID" classname="org.gnucash.android.test.unit.service.ScheduledActionServiceTest" time="2.624"/>
  <testcase name="scheduledBackups_shouldNotIncludeTransactionsPreviousToTheLastRun" classname="org.gnucash.android.test.unit.service.ScheduledActionServiceTest" time="3.245"/>
  <testcase name="futureScheduledActions_shouldNotRun" classname="org.gnucash.android.test.unit.service.ScheduledActionServiceTest" time="2.616"/>
  <testcase name="scheduledBackups_shouldRunOnlyOnce" classname="org.gnucash.android.test.unit.service.ScheduledActionServiceTest" time="3.376"/>
  <testcase name="disabledScheduledActions_shouldNotRun" classname="org.gnucash.android.test.unit.service.ScheduledActionServiceTest" time="3.503"/>
  <testcase name="scheduledBackups_shouldIncludeTransactionsAfterTheLastRun" classname="org.gnucash.android.test.unit.service.ScheduledActionServiceTest" time="3.431"/>
  <testcase name="missedScheduledTransactions_shouldBeGenerated" classname="org.gnucash.android.test.unit.service.ScheduledActionServiceTest" time="3.923"/>
  <testcase name="exceededExecutionCounts_shouldNotRun" classname="org.gnucash.android.test.unit.service.ScheduledActionServiceTest" time="2.531"/>
  <system-out><![CDATA[]]></system-out>
  <system-err><![CDATA[]]></system-err>
</testsuite>
