<?xml version="1.0" encoding="UTF-8"?>
<testsuite name="org.gnucash.android.test.unit.importer.GncXmlHandlerTest" tests="6" skipped="0" failures="0" errors="0" timestamp="2019-03-29T04:11:28" hostname="jlpulgarin-PC" time="19.969">
  <properties/>
  <testcase name="multiCurrencyTransactionImport" classname="org.gnucash.android.test.unit.importer.GncXmlHandlerTest" time="3.235"/>
  <testcase name="transactionWithNonDefaultSplitsImport" classname="org.gnucash.android.test.unit.importer.GncXmlHandlerTest" time="3.531"/>
  <testcase name="importingScheduledAction_shouldSetByDays" classname="org.gnucash.android.test.unit.importer.GncXmlHandlerTest" time="3.109"/>
  <testcase name="simpleTransactionImport" classname="org.gnucash.android.test.unit.importer.GncXmlHandlerTest" time="3.61"/>
  <testcase name="accountsImport" classname="org.gnucash.android.test.unit.importer.GncXmlHandlerTest" time="3.14"/>
  <testcase name="bug562_scheduledTransactionImportedWithImbalancedSplits" classname="org.gnucash.android.test.unit.importer.GncXmlHandlerTest" time="3.344"/>
  <system-out><![CDATA[]]></system-out>
  <system-err><![CDATA[]]></system-err>
</testsuite>
