<?xml version="1.0" encoding="UTF-8"?>
<testsuite name="org.gnucash.android.test.unit.model.CommodityTest" tests="2" skipped="0" failures="0" errors="0" timestamp="2019-03-29T03:23:56" hostname="jlpulgarin-PC" time="0.0">
  <properties/>
  <testcase name="setSmallestFraction_shouldNotUseDigits" classname="org.gnucash.android.test.unit.model.CommodityTest" time="0.0"/>
  <testcase name="testSmallestFractionDigits" classname="org.gnucash.android.test.unit.model.CommodityTest" time="0.0"/>
  <system-out><![CDATA[]]></system-out>
  <system-err><![CDATA[]]></system-err>
</testsuite>
