<?xml version="1.0" encoding="UTF-8"?>
<testsuite name="org.gnucash.android.test.unit.importer.GncXmlHandlerTest" tests="6" skipped="0" failures="0" errors="0" timestamp="2019-03-29T03:23:19" hostname="jlpulgarin-PC" time="19.855">
  <properties/>
  <testcase name="multiCurrencyTransactionImport" classname="org.gnucash.android.test.unit.importer.GncXmlHandlerTest" time="3.422"/>
  <testcase name="transactionWithNonDefaultSplitsImport" classname="org.gnucash.android.test.unit.importer.GncXmlHandlerTest" time="3.448"/>
  <testcase name="importingScheduledAction_shouldSetByDays" classname="org.gnucash.android.test.unit.importer.GncXmlHandlerTest" time="2.813"/>
  <testcase name="simpleTransactionImport" classname="org.gnucash.android.test.unit.importer.GncXmlHandlerTest" time="3.844"/>
  <testcase name="accountsImport" classname="org.gnucash.android.test.unit.importer.GncXmlHandlerTest" time="2.937"/>
  <testcase name="bug562_scheduledTransactionImportedWithImbalancedSplits" classname="org.gnucash.android.test.unit.importer.GncXmlHandlerTest" time="3.391"/>
  <system-out><![CDATA[]]></system-out>
  <system-err><![CDATA[]]></system-err>
</testsuite>
