<?xml version="1.0" encoding="UTF-8"?>
<testsuite name="org.gnucash.android.test.unit.db.BudgetsDbAdapterTest" tests="6" skipped="0" failures="0" errors="0" timestamp="2019-03-29T03:21:55" hostname="jlpulgarin-PC" time="21.891">
  <properties/>
  <testcase name="testBulkAddBudgets" classname="org.gnucash.android.test.unit.db.BudgetsDbAdapterTest" time="4.204"/>
  <testcase name="testGetAccountBudgets" classname="org.gnucash.android.test.unit.db.BudgetsDbAdapterTest" time="4.734"/>
  <testcase name="savingBudget_shouldRequireRecurrence" classname="org.gnucash.android.test.unit.db.BudgetsDbAdapterTest" time="2.734"/>
  <testcase name="savingBudget_shouldRequireExistingAccount" classname="org.gnucash.android.test.unit.db.BudgetsDbAdapterTest" time="2.406"/>
  <testcase name="testAddingBudget" classname="org.gnucash.android.test.unit.db.BudgetsDbAdapterTest" time="5.282"/>
  <testcase name="savingBudget_shouldRequireBudgetAmount" classname="org.gnucash.android.test.unit.db.BudgetsDbAdapterTest" time="2.515"/>
  <system-out><![CDATA[]]></system-out>
  <system-err><![CDATA[]]></system-err>
</testsuite>
