<?xml version="1.0" encoding="UTF-8"?>
<testsuite name="org.gnucash.android.test.unit.service.ScheduledActionServiceTest" tests="10" skipped="0" failures="0" errors="0" timestamp="2019-03-29T03:24:40" hostname="jlpulgarin-PC" time="46.72">
  <properties/>
  <testcase name="scheduledTransactionsWithEndTimeInPast_shouldBeExecuted" classname="org.gnucash.android.test.unit.service.ScheduledActionServiceTest" time="4.485"/>
  <testcase name="scheduledBackups_shouldNotRunBeforeNextScheduledExecution" classname="org.gnucash.android.test.unit.service.ScheduledActionServiceTest" time="3.468"/>
  <testcase name="recurringTransactions_shouldHaveScheduledActionUID" classname="org.gnucash.android.test.unit.service.ScheduledActionServiceTest" time="2.782"/>
  <testcase name="scheduledBackups_shouldNotIncludeTransactionsPreviousToTheLastRun" classname="org.gnucash.android.test.unit.service.ScheduledActionServiceTest" time="3.687"/>
  <testcase name="futureScheduledActions_shouldNotRun" classname="org.gnucash.android.test.unit.service.ScheduledActionServiceTest" time="5.891"/>
  <testcase name="scheduledBackups_shouldRunOnlyOnce" classname="org.gnucash.android.test.unit.service.ScheduledActionServiceTest" time="3.406"/>
  <testcase name="disabledScheduledActions_shouldNotRun" classname="org.gnucash.android.test.unit.service.ScheduledActionServiceTest" time="3.938"/>
  <testcase name="scheduledBackups_shouldIncludeTransactionsAfterTheLastRun" classname="org.gnucash.android.test.unit.service.ScheduledActionServiceTest" time="5.109"/>
  <testcase name="missedScheduledTransactions_shouldBeGenerated" classname="org.gnucash.android.test.unit.service.ScheduledActionServiceTest" time="8.235"/>
  <testcase name="exceededExecutionCounts_shouldNotRun" classname="org.gnucash.android.test.unit.service.ScheduledActionServiceTest" time="5.719"/>
  <system-out><![CDATA[]]></system-out>
  <system-err><![CDATA[]]></system-err>
</testsuite>
