<?xml version="1.0" encoding="UTF-8"?>
<testsuite name="org.gnucash.android.test.unit.model.SplitTest" tests="6" skipped="0" failures="0" errors="0" timestamp="2019-03-29T03:24:21" hostname="jlpulgarin-PC" time="11.32">
  <properties/>
  <testcase name="shouldCreateInversePair" classname="org.gnucash.android.test.unit.model.SplitTest" time="1.538"/>
  <testcase name="shouldParseCsv" classname="org.gnucash.android.test.unit.model.SplitTest" time="1.656"/>
  <testcase name="testCloning" classname="org.gnucash.android.test.unit.model.SplitTest" time="1.5"/>
  <testcase name="amounts_shouldBeStoredUnsigned" classname="org.gnucash.android.test.unit.model.SplitTest" time="2.001"/>
  <testcase name="testAddingSplitToTransaction" classname="org.gnucash.android.test.unit.model.SplitTest" time="2.015"/>
  <testcase name="shouldGenerateValidCsv" classname="org.gnucash.android.test.unit.model.SplitTest" time="2.61"/>
  <system-out><![CDATA[]]></system-out>
  <system-err><![CDATA[]]></system-err>
</testsuite>
