<?xml version="1.0" encoding="UTF-8"?>
<testsuite name="org.gnucash.android.test.unit.service.ScheduledActionServiceTest" tests="10" skipped="0" failures="0" errors="0" timestamp="2019-03-29T04:07:01" hostname="jlpulgarin-PC" time="33.047">
  <properties/>
  <testcase name="scheduledTransactionsWithEndTimeInPast_shouldBeExecuted" classname="org.gnucash.android.test.unit.service.ScheduledActionServiceTest" time="3.766"/>
  <testcase name="scheduledBackups_shouldNotRunBeforeNextScheduledExecution" classname="org.gnucash.android.test.unit.service.ScheduledActionServiceTest" time="2.656"/>
  <testcase name="recurringTransactions_shouldHaveScheduledActionUID" classname="org.gnucash.android.test.unit.service.ScheduledActionServiceTest" time="2.891"/>
  <testcase name="scheduledBackups_shouldNotIncludeTransactionsPreviousToTheLastRun" classname="org.gnucash.android.test.unit.service.ScheduledActionServiceTest" time="3.562"/>
  <testcase name="futureScheduledActions_shouldNotRun" classname="org.gnucash.android.test.unit.service.ScheduledActionServiceTest" time="2.875"/>
  <testcase name="scheduledBackups_shouldRunOnlyOnce" classname="org.gnucash.android.test.unit.service.ScheduledActionServiceTest" time="3.407"/>
  <testcase name="disabledScheduledActions_shouldNotRun" classname="org.gnucash.android.test.unit.service.ScheduledActionServiceTest" time="2.796"/>
  <testcase name="scheduledBackups_shouldIncludeTransactionsAfterTheLastRun" classname="org.gnucash.android.test.unit.service.ScheduledActionServiceTest" time="3.282"/>
  <testcase name="missedScheduledTransactions_shouldBeGenerated" classname="org.gnucash.android.test.unit.service.ScheduledActionServiceTest" time="4.687"/>
  <testcase name="exceededExecutionCounts_shouldNotRun" classname="org.gnucash.android.test.unit.service.ScheduledActionServiceTest" time="3.125"/>
  <system-out><![CDATA[]]></system-out>
  <system-err><![CDATA[]]></system-err>
</testsuite>
