<?xml version="1.0" encoding="UTF-8"?>
<testsuite name="org.gnucash.android.test.unit.db.TransactionsDbAdapterTest" tests="4" skipped="0" failures="0" errors="0" timestamp="2019-03-29T04:05:03" hostname="jlpulgarin-PC" time="16.751">
  <properties/>
  <testcase name="shouldBalanceTransactionsOnSave" classname="org.gnucash.android.test.unit.db.TransactionsDbAdapterTest" time="5.828"/>
  <testcase name="testComputeBalance" classname="org.gnucash.android.test.unit.db.TransactionsDbAdapterTest" time="4.001"/>
  <testcase name="testTransactionsAreTimeSorted" classname="org.gnucash.android.test.unit.db.TransactionsDbAdapterTest" time="3.656"/>
  <testcase name="deletingTransactionsShouldDeleteSplits" classname="org.gnucash.android.test.unit.db.TransactionsDbAdapterTest" time="3.266"/>
  <system-out><![CDATA[]]></system-out>
  <system-err><![CDATA[]]></system-err>
</testsuite>
