<?xml version="1.0" encoding="UTF-8"?>
<testsuite name="org.gnucash.android.test.unit.util.TimestampHelperTest" tests="4" skipped="0" failures="0" errors="0" timestamp="2019-03-29T04:07:38" hostname="jlpulgarin-PC" time="7.688">
  <properties/>
  <testcase name="shouldGetUtcStringFromTimestamp" classname="org.gnucash.android.test.unit.util.TimestampHelperTest" time="1.906"/>
  <testcase name="shouldGetTimestampFromNow" classname="org.gnucash.android.test.unit.util.TimestampHelperTest" time="1.907"/>
  <testcase name="shouldGetTimestampFromEpochZero" classname="org.gnucash.android.test.unit.util.TimestampHelperTest" time="1.75"/>
  <testcase name="shouldGetTimestampFromUtcString" classname="org.gnucash.android.test.unit.util.TimestampHelperTest" time="2.125"/>
  <system-out><![CDATA[]]></system-out>
  <system-err><![CDATA[]]></system-err>
</testsuite>
