<?xml version="1.0" encoding="UTF-8"?>
<testsuite name="org.gnucash.android.util.BackupManagerTest" tests="3" skipped="0" failures="0" errors="0" timestamp="2019-03-29T03:09:06" hostname="jlpulgarin-PC" time="22.123">
  <properties/>
  <testcase name="getBackupList" classname="org.gnucash.android.util.BackupManagerTest" time="7.691"/>
  <testcase name="whenNoBackupsHaveBeenDone_shouldReturnEmptyBackupList" classname="org.gnucash.android.util.BackupManagerTest" time="4.812"/>
  <testcase name="backupAllBooks" classname="org.gnucash.android.util.BackupManagerTest" time="9.62"/>
  <system-out><![CDATA[]]></system-out>
  <system-err><![CDATA[]]></system-err>
</testsuite>
