<?xml version="1.0" encoding="UTF-8"?>
<testsuite name="org.gnucash.android.test.unit.model.SplitTest" tests="6" skipped="0" failures="0" errors="0" timestamp="2019-03-29T03:07:34" hostname="jlpulgarin-PC" time="15.985">
  <properties/>
  <testcase name="shouldCreateInversePair" classname="org.gnucash.android.test.unit.model.SplitTest" time="3.5"/>
  <testcase name="shouldParseCsv" classname="org.gnucash.android.test.unit.model.SplitTest" time="2.922"/>
  <testcase name="testCloning" classname="org.gnucash.android.test.unit.model.SplitTest" time="2.61"/>
  <testcase name="amounts_shouldBeStoredUnsigned" classname="org.gnucash.android.test.unit.model.SplitTest" time="3.219"/>
  <testcase name="testAddingSplitToTransaction" classname="org.gnucash.android.test.unit.model.SplitTest" time="1.718"/>
  <testcase name="shouldGenerateValidCsv" classname="org.gnucash.android.test.unit.model.SplitTest" time="2.016"/>
  <system-out><![CDATA[]]></system-out>
  <system-err><![CDATA[]]></system-err>
</testsuite>
