<?xml version="1.0" encoding="UTF-8"?>
<testsuite name="org.gnucash.android.test.unit.db.AccountsDbAdapterTest" tests="18" skipped="0" failures="0" errors="0" timestamp="2019-03-29T02:58:45" hostname="jlpulgarin-PC" time="209.487">
  <properties/>
  <testcase name="shouldClearAllTablesWhenDeletingAllAccounts" classname="org.gnucash.android.test.unit.db.AccountsDbAdapterTest" time="18.356"/>
  <testcase name="shouldGetDescendantAccounts" classname="org.gnucash.android.test.unit.db.AccountsDbAdapterTest" time="8.922"/>
  <testcase name="shouldRecursivelyDeleteAccount" classname="org.gnucash.android.test.unit.db.AccountsDbAdapterTest" time="7.328"/>
  <testcase name="simpleAccountListShouldNotContainTransactions" classname="org.gnucash.android.test.unit.db.AccountsDbAdapterTest" time="6.047"/>
  <testcase name="shouldUpdateFullNameAfterParentChange" classname="org.gnucash.android.test.unit.db.AccountsDbAdapterTest" time="6.656"/>
  <testcase name="editingAccountShouldNotDeleteTemplateSplits" classname="org.gnucash.android.test.unit.db.AccountsDbAdapterTest" time="8.86"/>
  <testcase name="shouldCreateAccountHierarchy" classname="org.gnucash.android.test.unit.db.AccountsDbAdapterTest" time="5.609"/>
  <testcase name="shouldAddTransactionsAndSplitsWhenAddingAccounts" classname="org.gnucash.android.test.unit.db.AccountsDbAdapterTest" time="5.422"/>
  <testcase name="shouldComputeAccountBalanceCorrectly" classname="org.gnucash.android.test.unit.db.AccountsDbAdapterTest" time="25.11"/>
  <testcase name="importingXml_shouldSetDefaultCurrencyFromXml" classname="org.gnucash.android.test.unit.db.AccountsDbAdapterTest" time="15.969"/>
  <testcase name="shouldAddAccountsToDatabase" classname="org.gnucash.android.test.unit.db.AccountsDbAdapterTest" time="15.578"/>
  <testcase name="shouldCreateImbalanceAccountOnDemand" classname="org.gnucash.android.test.unit.db.AccountsDbAdapterTest" time="19.472"/>
  <testcase name="shouldDeleteSplitsWhenAccountDeleted" classname="org.gnucash.android.test.unit.db.AccountsDbAdapterTest" time="14.579"/>
  <testcase name="shouldSetDefaultTransferColumnToNull_WhenTheAccountIsDeleted" classname="org.gnucash.android.test.unit.db.AccountsDbAdapterTest" time="15.422"/>
  <testcase name="bulkAddAccountsShouldNotModifyTransactions" classname="org.gnucash.android.test.unit.db.AccountsDbAdapterTest" time="6.75"/>
  <testcase name="shouldReassignDescendantAccounts" classname="org.gnucash.android.test.unit.db.AccountsDbAdapterTest" time="16.782"/>
  <testcase name="shouldCreateDefaultRootAccount" classname="org.gnucash.android.test.unit.db.AccountsDbAdapterTest" time="5.687"/>
  <testcase name="shouldBeAlphabeticallySortedByDefault" classname="org.gnucash.android.test.unit.db.AccountsDbAdapterTest" time="6.938"/>
  <system-out><![CDATA[Default currency is now: US Dollar
]]></system-out>
  <system-err><![CDATA[]]></system-err>
</testsuite>
