<?xml version="1.0" encoding="UTF-8"?>
<testsuite name="org.gnucash.android.test.unit.model.AccountTest" tests="8" skipped="0" failures="0" errors="0" timestamp="2019-03-29T03:06:24" hostname="jlpulgarin-PC" time="32.032">
  <properties/>
  <testcase name="testAccountAlwaysHasUID" classname="org.gnucash.android.test.unit.model.AccountTest" time="5.145"/>
  <testcase name="settingNameShouldNotChangeFullName" classname="org.gnucash.android.test.unit.model.AccountTest" time="7.325"/>
  <testcase name="testTransactionsHaveSameCurrencyAsAccount" classname="org.gnucash.android.test.unit.model.AccountTest" time="4.359"/>
  <testcase name="testSetColorWithAlphaComponent" classname="org.gnucash.android.test.unit.model.AccountTest" time="3.641"/>
  <testcase name="testAccountUsesDefaultCurrency" classname="org.gnucash.android.test.unit.model.AccountTest" time="3.656"/>
  <testcase name="shouldSetFullNameWhenCreated" classname="org.gnucash.android.test.unit.model.AccountTest" time="3.25"/>
  <testcase name="newInstance_shouldReturnNonNullValues" classname="org.gnucash.android.test.unit.model.AccountTest" time="2.203"/>
  <testcase name="testSetInvalidColorCode" classname="org.gnucash.android.test.unit.model.AccountTest" time="2.453"/>
  <system-out><![CDATA[]]></system-out>
  <system-err><![CDATA[]]></system-err>
</testsuite>
