<?xml version="1.0" encoding="UTF-8"?>
<testsuite name="org.gnucash.android.test.unit.db.BudgetsDbAdapterTest" tests="6" skipped="0" failures="0" errors="0" timestamp="2019-03-29T03:03:17" hostname="jlpulgarin-PC" time="38.212">
  <properties/>
  <testcase name="testBulkAddBudgets" classname="org.gnucash.android.test.unit.db.BudgetsDbAdapterTest" time="4.672"/>
  <testcase name="testGetAccountBudgets" classname="org.gnucash.android.test.unit.db.BudgetsDbAdapterTest" time="9.922"/>
  <testcase name="savingBudget_shouldRequireRecurrence" classname="org.gnucash.android.test.unit.db.BudgetsDbAdapterTest" time="6.406"/>
  <testcase name="savingBudget_shouldRequireExistingAccount" classname="org.gnucash.android.test.unit.db.BudgetsDbAdapterTest" time="3.906"/>
  <testcase name="testAddingBudget" classname="org.gnucash.android.test.unit.db.BudgetsDbAdapterTest" time="8.235"/>
  <testcase name="savingBudget_shouldRequireBudgetAmount" classname="org.gnucash.android.test.unit.db.BudgetsDbAdapterTest" time="5.071"/>
  <system-out><![CDATA[]]></system-out>
  <system-err><![CDATA[]]></system-err>
</testsuite>
