<?xml version="1.0" encoding="UTF-8"?>
<testsuite name="org.gnucash.android.test.unit.db.SplitsDbAdapterTest" tests="4" skipped="0" failures="0" errors="0" timestamp="2019-03-29T03:04:17" hostname="jlpulgarin-PC" time="18.047">
  <properties/>
  <testcase name="addingSplitShouldUnsetExportedFlagOfTransaction" classname="org.gnucash.android.test.unit.db.SplitsDbAdapterTest" time="7.235"/>
  <testcase name="testAddSplit" classname="org.gnucash.android.test.unit.db.SplitsDbAdapterTest" time="4.0"/>
  <testcase name="shouldHaveTransactionInDatabase" classname="org.gnucash.android.test.unit.db.SplitsDbAdapterTest" time="3.047"/>
  <testcase name="shouldHaveAccountInDatabase" classname="org.gnucash.android.test.unit.db.SplitsDbAdapterTest" time="3.765"/>
  <system-out><![CDATA[]]></system-out>
  <system-err><![CDATA[]]></system-err>
</testsuite>
