<?xml version="1.0" encoding="UTF-8"?>
<testsuite name="org.gnucash.android.test.unit.export.QifExporterTest" tests="3" skipped="0" failures="0" errors="0" timestamp="2019-03-29T03:05:03" hostname="jlpulgarin-PC" time="20.876">
  <properties/>
  <testcase name="memoAndDescription_shouldBeExported" classname="org.gnucash.android.test.unit.export.QifExporterTest" time="10.376"/>
  <testcase name="testWithNoTransactionsToExport_shouldNotCreateAnyFile" classname="org.gnucash.android.test.unit.export.QifExporterTest" time="4.078"/>
  <testcase name="testGenerateQIFExport" classname="org.gnucash.android.test.unit.export.QifExporterTest" time="6.422"/>
  <system-out><![CDATA[]]></system-out>
  <system-err><![CDATA[]]></system-err>
</testsuite>
