<?xml version="1.0" encoding="UTF-8"?>
<testsuite name="org.gnucash.android.util.BackupManagerTest" tests="3" skipped="0" failures="0" errors="0" timestamp="2019-03-29T02:56:34" hostname="jlpulgarin-PC" time="35.719">
  <properties/>
  <testcase name="getBackupList" classname="org.gnucash.android.util.BackupManagerTest" time="17.828"/>
  <testcase name="whenNoBackupsHaveBeenDone_shouldReturnEmptyBackupList" classname="org.gnucash.android.util.BackupManagerTest" time="10.485"/>
  <testcase name="backupAllBooks" classname="org.gnucash.android.util.BackupManagerTest" time="7.406"/>
  <system-out><![CDATA[]]></system-out>
  <system-err><![CDATA[]]></system-err>
</testsuite>
