<?xml version="1.0" encoding="UTF-8"?>
<testsuite name="org.gnucash.android.test.unit.model.MoneyTest" tests="13" skipped="0" failures="0" errors="0" timestamp="2019-03-29T02:51:36" hostname="jlpulgarin-PC" time="43.608">
  <properties/>
  <testcase name="testCreation" classname="org.gnucash.android.test.unit.model.MoneyTest" time="2.732"/>
  <testcase name="testDivisionWithDifferentCurrency" classname="org.gnucash.android.test.unit.model.MoneyTest" time="3.698"/>
  <testcase name="testMultiplication" classname="org.gnucash.android.test.unit.model.MoneyTest" time="3.836"/>
  <testcase name="testAddition" classname="org.gnucash.android.test.unit.model.MoneyTest" time="2.86"/>
  <testcase name="testPrinting" classname="org.gnucash.android.test.unit.model.MoneyTest" time="3.118"/>
  <testcase name="testSubtractionWithDifferentCurrency" classname="org.gnucash.android.test.unit.model.MoneyTest" time="3.874"/>
  <testcase name="testMultiplicationWithDifferentCurrencies" classname="org.gnucash.android.test.unit.model.MoneyTest" time="8.661"/>
  <testcase name="testDivision" classname="org.gnucash.android.test.unit.model.MoneyTest" time="3.469"/>
  <testcase name="testFractionParts" classname="org.gnucash.android.test.unit.model.MoneyTest" time="2.243"/>
  <testcase name="testAdditionWithIncompatibleCurrency" classname="org.gnucash.android.test.unit.model.MoneyTest" time="2.0"/>
  <testcase name="testNegation" classname="org.gnucash.android.test.unit.model.MoneyTest" time="2.641"/>
  <testcase name="testSubtraction" classname="org.gnucash.android.test.unit.model.MoneyTest" time="1.773"/>
  <testcase name="nonMatchingCommodityFraction_shouldThrowException" classname="org.gnucash.android.test.unit.model.MoneyTest" time="2.703"/>
  <system-out><![CDATA[]]></system-out>
  <system-err><![CDATA[]]></system-err>
</testsuite>
