<?xml version="1.0" encoding="UTF-8"?>
<testsuite name="org.gnucash.android.test.unit.db.BudgetsDbAdapterTest" tests="6" skipped="0" failures="0" errors="0" timestamp="2019-03-29T02:48:55" hostname="jlpulgarin-PC" time="22.219">
  <properties/>
  <testcase name="testBulkAddBudgets" classname="org.gnucash.android.test.unit.db.BudgetsDbAdapterTest" time="5.156"/>
  <testcase name="testGetAccountBudgets" classname="org.gnucash.android.test.unit.db.BudgetsDbAdapterTest" time="3.75"/>
  <testcase name="savingBudget_shouldRequireRecurrence" classname="org.gnucash.android.test.unit.db.BudgetsDbAdapterTest" time="2.984"/>
  <testcase name="savingBudget_shouldRequireExistingAccount" classname="org.gnucash.android.test.unit.db.BudgetsDbAdapterTest" time="3.016"/>
  <testcase name="testAddingBudget" classname="org.gnucash.android.test.unit.db.BudgetsDbAdapterTest" time="4.672"/>
  <testcase name="savingBudget_shouldRequireBudgetAmount" classname="org.gnucash.android.test.unit.db.BudgetsDbAdapterTest" time="2.641"/>
  <system-out><![CDATA[]]></system-out>
  <system-err><![CDATA[]]></system-err>
</testsuite>
