<?xml version="1.0" encoding="UTF-8"?>
<testsuite name="org.gnucash.android.test.unit.export.OfxExporterTest" tests="1" skipped="0" failures="0" errors="0" timestamp="2019-03-29T02:50:09" hostname="jlpulgarin-PC" time="4.0">
  <properties/>
  <testcase name="testWithNoTransactionsToExport_shouldNotCreateAnyFile" classname="org.gnucash.android.test.unit.export.OfxExporterTest" time="4.0"/>
  <system-out><![CDATA[]]></system-out>
  <system-err><![CDATA[]]></system-err>
</testsuite>
