<?xml version="1.0" encoding="UTF-8"?>
<testsuite name="org.gnucash.android.test.unit.model.AccountTest" tests="8" skipped="0" failures="0" errors="0" timestamp="2019-03-29T02:51:12" hostname="jlpulgarin-PC" time="23.96">
  <properties/>
  <testcase name="testAccountAlwaysHasUID" classname="org.gnucash.android.test.unit.model.AccountTest" time="3.85"/>
  <testcase name="settingNameShouldNotChangeFullName" classname="org.gnucash.android.test.unit.model.AccountTest" time="3.936"/>
  <testcase name="testTransactionsHaveSameCurrencyAsAccount" classname="org.gnucash.android.test.unit.model.AccountTest" time="3.719"/>
  <testcase name="testSetColorWithAlphaComponent" classname="org.gnucash.android.test.unit.model.AccountTest" time="2.416"/>
  <testcase name="testAccountUsesDefaultCurrency" classname="org.gnucash.android.test.unit.model.AccountTest" time="2.03"/>
  <testcase name="shouldSetFullNameWhenCreated" classname="org.gnucash.android.test.unit.model.AccountTest" time="3.005"/>
  <testcase name="newInstance_shouldReturnNonNullValues" classname="org.gnucash.android.test.unit.model.AccountTest" time="2.309"/>
  <testcase name="testSetInvalidColorCode" classname="org.gnucash.android.test.unit.model.AccountTest" time="2.695"/>
  <system-out><![CDATA[]]></system-out>
  <system-err><![CDATA[]]></system-err>
</testsuite>
