<?xml version="1.0" encoding="UTF-8"?>
<testsuite name="org.gnucash.android.test.unit.db.AccountsDbAdapterTest" tests="18" skipped="0" failures="0" errors="0" timestamp="2019-03-29T02:46:09" hostname="jlpulgarin-PC" time="120.847">
  <properties/>
  <testcase name="shouldClearAllTablesWhenDeletingAllAccounts" classname="org.gnucash.android.test.unit.db.AccountsDbAdapterTest" time="16.797"/>
  <testcase name="shouldGetDescendantAccounts" classname="org.gnucash.android.test.unit.db.AccountsDbAdapterTest" time="7.849"/>
  <testcase name="shouldRecursivelyDeleteAccount" classname="org.gnucash.android.test.unit.db.AccountsDbAdapterTest" time="5.416"/>
  <testcase name="simpleAccountListShouldNotContainTransactions" classname="org.gnucash.android.test.unit.db.AccountsDbAdapterTest" time="4.844"/>
  <testcase name="shouldUpdateFullNameAfterParentChange" classname="org.gnucash.android.test.unit.db.AccountsDbAdapterTest" time="4.969"/>
  <testcase name="editingAccountShouldNotDeleteTemplateSplits" classname="org.gnucash.android.test.unit.db.AccountsDbAdapterTest" time="5.851"/>
  <testcase name="shouldCreateAccountHierarchy" classname="org.gnucash.android.test.unit.db.AccountsDbAdapterTest" time="3.453"/>
  <testcase name="shouldAddTransactionsAndSplitsWhenAddingAccounts" classname="org.gnucash.android.test.unit.db.AccountsDbAdapterTest" time="4.259"/>
  <testcase name="shouldComputeAccountBalanceCorrectly" classname="org.gnucash.android.test.unit.db.AccountsDbAdapterTest" time="26.845"/>
  <testcase name="importingXml_shouldSetDefaultCurrencyFromXml" classname="org.gnucash.android.test.unit.db.AccountsDbAdapterTest" time="6.515"/>
  <testcase name="shouldAddAccountsToDatabase" classname="org.gnucash.android.test.unit.db.AccountsDbAdapterTest" time="5.297"/>
  <testcase name="shouldCreateImbalanceAccountOnDemand" classname="org.gnucash.android.test.unit.db.AccountsDbAdapterTest" time="2.672"/>
  <testcase name="shouldDeleteSplitsWhenAccountDeleted" classname="org.gnucash.android.test.unit.db.AccountsDbAdapterTest" time="4.563"/>
  <testcase name="shouldSetDefaultTransferColumnToNull_WhenTheAccountIsDeleted" classname="org.gnucash.android.test.unit.db.AccountsDbAdapterTest" time="5.922"/>
  <testcase name="bulkAddAccountsShouldNotModifyTransactions" classname="org.gnucash.android.test.unit.db.AccountsDbAdapterTest" time="4.562"/>
  <testcase name="shouldReassignDescendantAccounts" classname="org.gnucash.android.test.unit.db.AccountsDbAdapterTest" time="4.797"/>
  <testcase name="shouldCreateDefaultRootAccount" classname="org.gnucash.android.test.unit.db.AccountsDbAdapterTest" time="2.547"/>
  <testcase name="shouldBeAlphabeticallySortedByDefault" classname="org.gnucash.android.test.unit.db.AccountsDbAdapterTest" time="3.672"/>
  <system-out><![CDATA[Default currency is now: US Dollar
]]></system-out>
  <system-err><![CDATA[]]></system-err>
</testsuite>
