<?xml version="1.0" encoding="UTF-8"?>
<testsuite name="org.gnucash.android.test.unit.export.GncXmlHelperTest" tests="3" skipped="0" failures="0" errors="0" timestamp="2019-03-29T02:50:08" hostname="jlpulgarin-PC" time="0.616">
  <properties/>
  <testcase name="shouldFailToParseWronglyFormattedInput" classname="org.gnucash.android.test.unit.export.GncXmlHelperTest" time="0.078"/>
  <testcase name="testParseSplitAmount" classname="org.gnucash.android.test.unit.export.GncXmlHelperTest" time="0.335"/>
  <testcase name="testFormatSplitAmount" classname="org.gnucash.android.test.unit.export.GncXmlHelperTest" time="0.203"/>
  <system-out><![CDATA[]]></system-out>
  <system-err><![CDATA[]]></system-err>
</testsuite>
