<?xml version="1.0" encoding="UTF-8"?>
<testsuite name="org.gnucash.android.test.unit.model.SplitTest" tests="6" skipped="0" failures="0" errors="0" timestamp="2019-03-29T02:52:20" hostname="jlpulgarin-PC" time="33.306">
  <properties/>
  <testcase name="shouldCreateInversePair" classname="org.gnucash.android.test.unit.model.SplitTest" time="3.719"/>
  <testcase name="shouldParseCsv" classname="org.gnucash.android.test.unit.model.SplitTest" time="3.149"/>
  <testcase name="testCloning" classname="org.gnucash.android.test.unit.model.SplitTest" time="3.234"/>
  <testcase name="amounts_shouldBeStoredUnsigned" classname="org.gnucash.android.test.unit.model.SplitTest" time="8.313"/>
  <testcase name="testAddingSplitToTransaction" classname="org.gnucash.android.test.unit.model.SplitTest" time="5.062"/>
  <testcase name="shouldGenerateValidCsv" classname="org.gnucash.android.test.unit.model.SplitTest" time="9.829"/>
  <system-out><![CDATA[]]></system-out>
  <system-err><![CDATA[]]></system-err>
</testsuite>
