<?xml version="1.0" encoding="UTF-8"?>
<testsuite name="org.gnucash.android.test.unit.db.TransactionsDbAdapterTest" tests="4" skipped="0" failures="0" errors="0" timestamp="2019-03-29T02:49:43" hostname="jlpulgarin-PC" time="18.297">
  <properties/>
  <testcase name="shouldBalanceTransactionsOnSave" classname="org.gnucash.android.test.unit.db.TransactionsDbAdapterTest" time="3.593"/>
  <testcase name="testComputeBalance" classname="org.gnucash.android.test.unit.db.TransactionsDbAdapterTest" time="4.516"/>
  <testcase name="testTransactionsAreTimeSorted" classname="org.gnucash.android.test.unit.db.TransactionsDbAdapterTest" time="5.531"/>
  <testcase name="deletingTransactionsShouldDeleteSplits" classname="org.gnucash.android.test.unit.db.TransactionsDbAdapterTest" time="4.657"/>
  <system-out><![CDATA[]]></system-out>
  <system-err><![CDATA[]]></system-err>
</testsuite>
