<?xml version="1.0" encoding="UTF-8"?>
<testsuite name="org.gnucash.android.test.unit.export.GncXmlHelperTest" tests="3" skipped="0" failures="0" errors="0" timestamp="2019-03-29T03:59:25" hostname="jlpulgarin-PC" time="0.094">
  <properties/>
  <testcase name="shouldFailToParseWronglyFormattedInput" classname="org.gnucash.android.test.unit.export.GncXmlHelperTest" time="0.0"/>
  <testcase name="testParseSplitAmount" classname="org.gnucash.android.test.unit.export.GncXmlHelperTest" time="0.078"/>
  <testcase name="testFormatSplitAmount" classname="org.gnucash.android.test.unit.export.GncXmlHelperTest" time="0.016"/>
  <system-out><![CDATA[]]></system-out>
  <system-err><![CDATA[]]></system-err>
</testsuite>
