<?xml version="1.0" encoding="UTF-8"?>
<testsuite name="org.gnucash.android.test.unit.model.SplitTest" tests="6" skipped="0" failures="0" errors="0" timestamp="2019-03-29T04:00:40" hostname="jlpulgarin-PC" time="11.141">
  <properties/>
  <testcase name="shouldCreateInversePair" classname="org.gnucash.android.test.unit.model.SplitTest" time="1.969"/>
  <testcase name="shouldParseCsv" classname="org.gnucash.android.test.unit.model.SplitTest" time="2.359"/>
  <testcase name="testCloning" classname="org.gnucash.android.test.unit.model.SplitTest" time="1.906"/>
  <testcase name="amounts_shouldBeStoredUnsigned" classname="org.gnucash.android.test.unit.model.SplitTest" time="1.766"/>
  <testcase name="testAddingSplitToTransaction" classname="org.gnucash.android.test.unit.model.SplitTest" time="1.562"/>
  <testcase name="shouldGenerateValidCsv" classname="org.gnucash.android.test.unit.model.SplitTest" time="1.579"/>
  <system-out><![CDATA[]]></system-out>
  <system-err><![CDATA[]]></system-err>
</testsuite>
