<?xml version="1.0" encoding="UTF-8"?>
<testsuite name="org.gnucash.android.test.unit.model.MoneyTest" tests="13" skipped="0" failures="0" errors="0" timestamp="2019-03-29T04:00:17" hostname="jlpulgarin-PC" time="23.258">
  <properties/>
  <testcase name="testCreation" classname="org.gnucash.android.test.unit.model.MoneyTest" time="1.735"/>
  <testcase name="testDivisionWithDifferentCurrency" classname="org.gnucash.android.test.unit.model.MoneyTest" time="1.968"/>
  <testcase name="testMultiplication" classname="org.gnucash.android.test.unit.model.MoneyTest" time="1.813"/>
  <testcase name="testAddition" classname="org.gnucash.android.test.unit.model.MoneyTest" time="1.562"/>
  <testcase name="testPrinting" classname="org.gnucash.android.test.unit.model.MoneyTest" time="1.688"/>
  <testcase name="testSubtractionWithDifferentCurrency" classname="org.gnucash.android.test.unit.model.MoneyTest" time="1.445"/>
  <testcase name="testMultiplicationWithDifferentCurrencies" classname="org.gnucash.android.test.unit.model.MoneyTest" time="1.563"/>
  <testcase name="testDivision" classname="org.gnucash.android.test.unit.model.MoneyTest" time="1.859"/>
  <testcase name="testFractionParts" classname="org.gnucash.android.test.unit.model.MoneyTest" time="1.672"/>
  <testcase name="testAdditionWithIncompatibleCurrency" classname="org.gnucash.android.test.unit.model.MoneyTest" time="1.703"/>
  <testcase name="testNegation" classname="org.gnucash.android.test.unit.model.MoneyTest" time="1.953"/>
  <testcase name="testSubtraction" classname="org.gnucash.android.test.unit.model.MoneyTest" time="2.094"/>
  <testcase name="nonMatchingCommodityFraction_shouldThrowException" classname="org.gnucash.android.test.unit.model.MoneyTest" time="2.203"/>
  <system-out><![CDATA[]]></system-out>
  <system-err><![CDATA[]]></system-err>
</testsuite>
