<?xml version="1.0" encoding="UTF-8"?>
<testsuite name="org.gnucash.android.test.unit.db.TransactionsDbAdapterTest" tests="4" skipped="0" failures="0" errors="0" timestamp="2019-03-29T03:53:33" hostname="jlpulgarin-PC" time="14.297">
  <properties/>
  <testcase name="shouldBalanceTransactionsOnSave" classname="org.gnucash.android.test.unit.db.TransactionsDbAdapterTest" time="4.266"/>
  <testcase name="testComputeBalance" classname="org.gnucash.android.test.unit.db.TransactionsDbAdapterTest" time="3.234"/>
  <testcase name="testTransactionsAreTimeSorted" classname="org.gnucash.android.test.unit.db.TransactionsDbAdapterTest" time="3.625"/>
  <testcase name="deletingTransactionsShouldDeleteSplits" classname="org.gnucash.android.test.unit.db.TransactionsDbAdapterTest" time="3.172"/>
  <system-out><![CDATA[]]></system-out>
  <system-err><![CDATA[]]></system-err>
</testsuite>
