<?xml version="1.0" encoding="UTF-8"?>
<testsuite name="org.gnucash.android.test.unit.util.TimestampHelperTest" tests="4" skipped="0" failures="0" errors="0" timestamp="2019-03-29T03:55:53" hostname="jlpulgarin-PC" time="9.449">
  <properties/>
  <testcase name="shouldGetUtcStringFromTimestamp" classname="org.gnucash.android.test.unit.util.TimestampHelperTest" time="1.687"/>
  <testcase name="shouldGetTimestampFromNow" classname="org.gnucash.android.test.unit.util.TimestampHelperTest" time="3.306"/>
  <testcase name="shouldGetTimestampFromEpochZero" classname="org.gnucash.android.test.unit.util.TimestampHelperTest" time="2.331"/>
  <testcase name="shouldGetTimestampFromUtcString" classname="org.gnucash.android.test.unit.util.TimestampHelperTest" time="2.125"/>
  <system-out><![CDATA[]]></system-out>
  <system-err><![CDATA[]]></system-err>
</testsuite>
