<?xml version="1.0" encoding="UTF-8"?>
<testsuite name="org.gnucash.android.test.unit.db.SplitsDbAdapterTest" tests="4" skipped="0" failures="0" errors="0" timestamp="2019-03-29T03:53:18" hostname="jlpulgarin-PC" time="14.845">
  <properties/>
  <testcase name="addingSplitShouldUnsetExportedFlagOfTransaction" classname="org.gnucash.android.test.unit.db.SplitsDbAdapterTest" time="4.548"/>
  <testcase name="testAddSplit" classname="org.gnucash.android.test.unit.db.SplitsDbAdapterTest" time="4.469"/>
  <testcase name="shouldHaveTransactionInDatabase" classname="org.gnucash.android.test.unit.db.SplitsDbAdapterTest" time="2.594"/>
  <testcase name="shouldHaveAccountInDatabase" classname="org.gnucash.android.test.unit.db.SplitsDbAdapterTest" time="3.234"/>
  <system-out><![CDATA[]]></system-out>
  <system-err><![CDATA[]]></system-err>
</testsuite>
